[20:27:04] [main/INFO]: ModLauncher running: args [--username, jaero_ro, --version, neoforge-21.1.228, --gameDir, C:\Users\USER\curseforge\minecraft\Instances\Pixelmon2, --assetsDir, C:\Users\USER\curseforge\minecraft\Install\assets, --assetIndex, 17, --uuid, ffb97b03f06c46bda7c40c065e898825, --accessToken, ❄❄❄❄❄❄❄❄, --clientId, 974995-4f02dd-29e069-394ef4-fe6375, --xuid, 2535466329850312, --userType, msa, --versionType, release, --width, 1024, --height, 768, --quickPlayPath, C:\Users\USER\curseforge\minecraft\Quickplay\9eb99179-68d2-411a-9c72-1775c695fac5.json, --fml.neoForgeVersion, 21.1.228, --fml.fmlVersion, 4.0.42, --fml.mcVersion, 1.21.1, --fml.neoFormVersion, 20240808.144430, --launchTarget, forgeclient]
[20:27:04] [main/INFO]: JVM identified as Eclipse Adoptium OpenJDK 64-Bit Server VM 21.0.11+10-LTS
[20:27:04] [main/INFO]: ModLauncher 11.0.5+main.901c6ea8 starting: java version 21.0.11 by Eclipse Adoptium; OS Windows 11 arch amd64 version 10.0
[20:27:04] [main/INFO]: Loading ImmediateWindowProvider fmlearlywindow
[20:27:04] [main/INFO]: Trying GL version 4.6
[20:27:04] [main/INFO]: Requested GL version 4.6 got version 4.6
[20:27:04] [main/INFO]: SpongePowered MIXIN Subsystem Version=0.8.7 Source=union:/C:/Users/USER/curseforge/minecraft/Install/libraries/net/fabricmc/sponge-mixin/0.15.2+mixin.0.8.7/sponge-mixin-0.15.2+mixin.0.8.7.jar%23121!/ Service=ModLauncher Env=CLIENT
[20:27:05] [pool-2-thread-1/INFO]: GL info: AMD Radeon 780M Graphics GL version 4.6.0 Core Profile Context 25.20.42.09.260127, ATI Technologies Inc.
[20:27:05] [main/INFO]: Found mod file "client-1.21.1-20240808.144430-srg.jar" [locator: production client provider +net.neoforged:neoforge:21.1.228:client]
[20:27:05] [main/INFO]: Found mod file "neoforge-21.1.228-universal.jar" [locator: PathBasedLocator[name=neoforge, paths=[C:\Users\USER\curseforge\minecraft\Install\libraries\net\neoforged\neoforge\21.1.228\neoforge-21.1.228-universal.jar]], reader: mod manifest]
[20:27:05] [main/INFO]: Found mod file "c2me-neoforge-mc1.21.1-0.3.0+alpha.0.91.jar" [locator: {mods folder locator at C:\Users\USER\curseforge\minecraft\Instances\Pixelmon2\mods}, reader: mod manifest]
[20:27:05] [main/INFO]: Found mod file "krypton hybrid-1.21.1-neoforge-0.2.30.jar" [locator: {mods folder locator at C:\Users\USER\curseforge\minecraft\Instances\Pixelmon2\mods}, reader: mod manifest]
[20:27:05] [main/INFO]: Found mod file "Pixelmon-1.21.1-9.3.14-universal.jar" [locator: {mods folder locator at C:\Users\USER\curseforge\minecraft\Instances\Pixelmon2\mods}, reader: mod manifest]
[20:27:06] [main/INFO]: Found 31 dependencies adding them to mods collection
[20:27:06] [main/INFO]: Found gamelibrary file "mixinextras-neoforge-0.5.3.jar" [parent: neoforge-21.1.228-universal.jar, locator: jarinjar, reader: mod manifest]
[20:27:06] [main/INFO]: Found mod file "c2me-fixes-worldgen-threading-issues-mc1.21.1-0.3.0+alpha.0.91.jar" [parent: c2me-neoforge-mc1.21.1-0.3.0+alpha.0.91.jar, locator: jarinjar, reader: mod manifest]
[20:27:06] [main/INFO]: Found mod file "c2me-threading-lighting-mc1.21.1-0.3.0+alpha.0.91.jar" [parent: c2me-neoforge-mc1.21.1-0.3.0+alpha.0.91.jar, locator: jarinjar, reader: mod manifest]
[20:27:06] [main/INFO]: Found mod file "c2me-fixes-chunkio-threading-issues-mc1.21.1-0.3.0+alpha.0.91.jar" [parent: c2me-neoforge-mc1.21.1-0.3.0+alpha.0.91.jar, locator: jarinjar, reader: mod manifest]
[20:27:06] [main/INFO]: Found mod file "c2me-client-uncapvd-mc1.21.1-0.3.0+alpha.0.91.jar" [parent: c2me-neoforge-mc1.21.1-0.3.0+alpha.0.91.jar, locator: jarinjar, reader: mod manifest]
[20:27:06] [main/INFO]: Found mod file "c2me-rewrites-chunk-serializer-mc1.21.1-0.3.0+alpha.0.91.jar" [parent: c2me-neoforge-mc1.21.1-0.3.0+alpha.0.91.jar, locator: jarinjar, reader: mod manifest]
[20:27:06] [main/INFO]: Found library file "net.neoforged.neoforge-coremods-21.1.228.jar" [parent: neoforge-21.1.228-universal.jar, locator: jarinjar, reader: mod manifest]
[20:27:06] [main/INFO]: Found mod file "c2me-server-utils-mc1.21.1-0.3.0+alpha.0.91.jar" [parent: c2me-neoforge-mc1.21.1-0.3.0+alpha.0.91.jar, locator: jarinjar, reader: mod manifest]
[20:27:06] [main/INFO]: Found mod file "c2me-opts-natives-math-mc1.21.1-0.3.0+alpha.0.91.jar" [parent: c2me-neoforge-mc1.21.1-0.3.0+alpha.0.91.jar, locator: jarinjar, reader: mod manifest]
[20:27:06] [main/INFO]: Found mod file "c2me-opts-dfc-mc1.21.1-0.3.0+alpha.0.91.jar" [parent: c2me-neoforge-mc1.21.1-0.3.0+alpha.0.91.jar, locator: jarinjar, reader: mod manifest]
[20:27:06] [main/INFO]: Found mod file "c2me-fixes-general-threading-issues-mc1.21.1-0.3.0+alpha.0.91.jar" [parent: c2me-neoforge-mc1.21.1-0.3.0+alpha.0.91.jar, locator: jarinjar, reader: mod manifest]
[20:27:06] [main/INFO]: Found library file "velocity-native-3.4.0-SNAPSHOT.jar" [parent: krypton hybrid-1.21.1-neoforge-0.2.30.jar, locator: jarinjar]
[20:27:06] [main/INFO]: Found mod file "c2me-notickvd-mc1.21.1-0.3.0+alpha.0.91.jar" [parent: c2me-neoforge-mc1.21.1-0.3.0+alpha.0.91.jar, locator: jarinjar, reader: mod manifest]
[20:27:06] [main/INFO]: Found gamelibrary file "mixinsquared-neoforge-0.2.0-beta.6.jar" [parent: c2me-neoforge-mc1.21.1-0.3.0+alpha.0.91.jar, locator: jarinjar, reader: mod manifest]
[20:27:06] [main/INFO]: Found library file "jctools-core-4.0.5.jar" [parent: c2me-neoforge-mc1.21.1-0.3.0+alpha.0.91.jar, locator: jarinjar]
[20:27:06] [main/INFO]: Found mod file "c2me-opts-worldgen-general-mc1.21.1-0.3.0+alpha.0.91.jar" [parent: c2me-neoforge-mc1.21.1-0.3.0+alpha.0.91.jar, locator: jarinjar, reader: mod manifest]
[20:27:06] [main/INFO]: Found mod file "c2me-opts-chunkio-mc1.21.1-0.3.0+alpha.0.91.jar" [parent: c2me-neoforge-mc1.21.1-0.3.0+alpha.0.91.jar, locator: jarinjar, reader: mod manifest]
[20:27:06] [main/INFO]: Found mod file "c2me-opts-math-mc1.21.1-0.3.0+alpha.0.91.jar" [parent: c2me-neoforge-mc1.21.1-0.3.0+alpha.0.91.jar, locator: jarinjar, reader: mod manifest]
[20:27:06] [main/INFO]: Found mod file "c2me-rewrites-chunk-system-mc1.21.1-0.3.0+alpha.0.91.jar" [parent: c2me-neoforge-mc1.21.1-0.3.0+alpha.0.91.jar, locator: jarinjar, reader: mod manifest]
[20:27:06] [main/INFO]: Found library file "rxjava-3.1.12.jar" [parent: c2me-neoforge-mc1.21.1-0.3.0+alpha.0.91.jar, locator: jarinjar]
[20:27:06] [main/INFO]: Found library file "MixinSquared-0.2.0-beta.6.jar" [parent: mixinsquared-neoforge-0.2.0-beta.6.jar, locator: jarinjar]
[20:27:06] [main/INFO]: Found library file "reactive-streams-1.0.4.jar" [parent: c2me-neoforge-mc1.21.1-0.3.0+alpha.0.91.jar, locator: jarinjar]
[20:27:06] [main/INFO]: Found mod file "c2me-base-mc1.21.1-0.3.0+alpha.0.91-all.jar" [parent: c2me-neoforge-mc1.21.1-0.3.0+alpha.0.91.jar, locator: jarinjar, reader: mod manifest]
[20:27:06] [main/INFO]: Found mod file "c2me-rewrites-chunkio-mc1.21.1-0.3.0+alpha.0.91.jar" [parent: c2me-neoforge-mc1.21.1-0.3.0+alpha.0.91.jar, locator: jarinjar, reader: mod manifest]
[20:27:06] [main/INFO]: Found mod file "c2me-opts-worldgen-vanilla-mc1.21.1-0.3.0+alpha.0.91.jar" [parent: c2me-neoforge-mc1.21.1-0.3.0+alpha.0.91.jar, locator: jarinjar, reader: mod manifest]
[20:27:06] [main/INFO]: Found mod file "c2me-fixes-worldgen-vanilla-bugs-mc1.21.1-0.3.0+alpha.0.91.jar" [parent: c2me-neoforge-mc1.21.1-0.3.0+alpha.0.91.jar, locator: jarinjar, reader: mod manifest]
[20:27:06] [main/INFO]: Found mod file "c2me-opts-scheduling-mc1.21.1-0.3.0+alpha.0.91.jar" [parent: c2me-neoforge-mc1.21.1-0.3.0+alpha.0.91.jar, locator: jarinjar, reader: mod manifest]
[20:27:06] [main/INFO]: Found mod file "c2me-opts-allocs-mc1.21.1-0.3.0+alpha.0.91.jar" [parent: c2me-neoforge-mc1.21.1-0.3.0+alpha.0.91.jar, locator: jarinjar, reader: mod manifest]
[20:27:06] [main/INFO]: Found library file "asyncutil-0.1.0.jar" [parent: c2me-neoforge-mc1.21.1-0.3.0+alpha.0.91.jar, locator: jarinjar]
[20:27:06] [main/INFO]: Found library file "zstd-jni-1.5.7-7.jar" [parent: krypton hybrid-1.21.1-neoforge-0.2.30.jar, locator: jarinjar]
[20:27:06] [main/INFO]: Found library file "exp4j-0.4.8.jar" [parent: c2me-neoforge-mc1.21.1-0.3.0+alpha.0.91.jar, locator: jarinjar]
[20:27:06] [main/INFO]: 
     Mod List:
		Name Version (Mod Id)

		Concurrent Chunk Management Engine 0.3.0+alpha.0.91+1.21.1 (c2me)
		Concurrent Chunk Management Engine (Base) 0.3.0+alpha.0.91+1.21.1 (c2me_base)
		Concurrent Chunk Management Engine (Client/Uncap View Distance) 0.3.0+alpha.0.91+1.21.1 (c2me_client_uncapvd)
		Concurrent Chunk Management Engine (Fixes/Chunk IO/Threading Issues) 0.3.0+alpha.0.91+1.21.1 (c2me_fixes_chunkio_threading_issues)
		Concurrent Chunk Management Engine (Fixes/General/Threading Issues) 0.3.0+alpha.0.91+1.21.1 (c2me_fixes_general_threading_issues)
		Concurrent Chunk Management Engine (Fixes/WorldGen/Threading Issues) 0.3.0+alpha.0.91+1.21.1 (c2me_fixes_worldgen_threading_issues)
		Concurrent Chunk Management Engine (Fixes/WorldGen/Vanilla Bugs) 0.3.0+alpha.0.91+1.21.1 (c2me_fixes_worldgen_vanilla_bugs)
		Concurrent Chunk Management Engine (No Tick View Distance) 0.3.0+alpha.0.91+1.21.1 (c2me_notickvd)
		Concurrent Chunk Management Engine (Optimizations/Chunk IO) 0.3.0+alpha.0.91+1.21.1 (c2me_opts_chunkio)
		Concurrent Chunk Management Engine (Optimizations/Density Function Compiler) 0.3.0+alpha.0.91+1.21.1 (c2me_opts_dfc)
		Concurrent Chunk Management Engine (Optimizations/General WorldGen) 0.3.0+alpha.0.91+1.21.1 (c2me_opts_worldgen_general)
		Concurrent Chunk Management Engine (Optimizations/Math) 0.3.0+alpha.0.91+1.21.1 (c2me_opts_math)
		Concurrent Chunk Management Engine (Optimizations/Memory Allocations) 0.3.0+alpha.0.91+1.21.1 (c2me_opts_allocs)
		Concurrent Chunk Management Engine (Optimizations/Natives Math) 0.3.0+alpha.0.91+1.21.1 (c2me_opts_natives_math)
		Concurrent Chunk Management Engine (Optimizations/Scheduling) 0.3.0+alpha.0.91+1.21.1 (c2me_opts_scheduling)
		Concurrent Chunk Management Engine (Optimizations/Vanilla WorldGen) 0.3.0+alpha.0.91+1.21.1 (c2me_opts_worldgen_vanilla)
		Concurrent Chunk Management Engine (Rewrites/Chunk IO) 0.3.0+alpha.0.91+1.21.1 (c2me_rewrites_chunkio)
		Concurrent Chunk Management Engine (Rewrites/Chunk Serializer) 0.3.0+alpha.0.91+1.21.1 (c2me_rewrites_chunk_serializer)
		Concurrent Chunk Management Engine (Rewrites/Chunk System) 0.3.0+alpha.0.91+1.21.1 (c2me_rewrites_chunk_system)
		Concurrent Chunk Management Engine (Server Utils) 0.3.0+alpha.0.91+1.21.1 (c2me_server_utils)
		Concurrent Chunk Management Engine (Threading/Lighting) 0.3.0+alpha.0.91+1.21.1 (c2me_threading_lighting)
		Krypton Hybrid 0.2.30 (krypton_hybrid)
		Minecraft 1.21.1 (minecraft)
		NeoForge 21.1.228 (neoforge)
		Pixelmon 9.3.14 (pixelmon)
[20:27:08] [main/INFO]: Compatibility level set to JAVA_21
[20:27:08] [main/INFO]: Launching target 'forgeclient' with arguments [--version, neoforge-21.1.228, --gameDir, C:\Users\USER\curseforge\minecraft\Instances\Pixelmon2, --assetsDir, C:\Users\USER\curseforge\minecraft\Install\assets, --uuid, ffb97b03f06c46bda7c40c065e898825, --username, jaero_ro, --assetIndex, 17, --accessToken, ❄❄❄❄❄❄❄❄, --clientId, 974995-4f02dd-29e069-394ef4-fe6375, --xuid, 2535466329850312, --userType, msa, --versionType, release, --width, 1024, --height, 768, --quickPlayPath, C:\Users\USER\curseforge\minecraft\Quickplay\9eb99179-68d2-411a-9c72-1775c695fac5.json]
[20:27:08] [main/INFO]: Initializing com.ishland.c2me.fixes.worldgen.threading_issues.mixin
[20:27:08] [main/INFO]: Initializing com.ishland.c2me.threading.lighting.mixin
[20:27:08] [main/INFO]: Initializing com.ishland.c2me.fixes.chunkio.threading_issues.mixin
[20:27:08] [main/INFO]: Initializing com.ishland.c2me.client.uncapvd.mixin
[20:27:08] [main/INFO]: Initializing com.ishland.c2me.rewrites.chunk_serializer.mixin
[20:27:08] [main/INFO]: Disabling com.ishland.c2me.rewrites.chunk_serializer.mixin
[20:27:08] [main/INFO]: Initializing com.ishland.c2me.server.utils.mixin
[20:27:08] [main/INFO]: Initializing com.ishland.c2me.opts.natives_math.mixin
[20:27:08] [main/WARN]: Disabling com.ishland.c2me.opts.natives_math.mixin due to incompatible Java version, see debug logs for details
[20:27:08] [main/INFO]: Disabling com.ishland.c2me.opts.natives_math.mixin
[20:27:08] [main/INFO]: Initializing com.ishland.c2me.opts.dfc.mixin
[20:27:08] [main/INFO]: Disabling com.ishland.c2me.opts.dfc.mixin
[20:27:08] [main/INFO]: Initializing com.ishland.c2me.fixes.general.threading_issues.mixin
[20:27:08] [main/INFO]: Initializing com.ishland.c2me.notickvd.mixin
[20:27:08] [main/INFO]: Global Executor Parallelism: 4 configured, 4 evaluated, 4 default evaluated
[20:27:08] [main/WARN]: Reference map 'krypton_hybrid.refmap.json' for krypton_hybrid.mixins.json could not be read. If this is a development environment you can ignore this message
[20:27:08] [main/INFO]: Initializing com.ishland.c2me.opts.worldgen.general.mixin
[20:27:08] [main/INFO]: Initializing com.ishland.c2me.opts.chunkio.mixin
[20:27:08] [main/INFO]: Initializing com.ishland.c2me.opts.math.mixin
[20:27:08] [main/INFO]: Initializing com.ishland.c2me.rewrites.chunksystem.mixin
[20:27:08] [main/INFO]: Initializing com.ishland.c2me.base.mixin
[20:27:08] [main/INFO]: Initializing com.ishland.c2me.rewrites.chunkio.mixin
[20:27:08] [main/INFO]: Initializing com.ishland.c2me.opts.worldgen.vanilla.mixin
[20:27:08] [main/INFO]: Initializing com.ishland.c2me.fixes.worldgen.vanilla_bugs.mixin
[20:27:08] [main/INFO]: Initializing com.ishland.c2me.opts.scheduling.mixin
[20:27:08] [main/INFO]: Initializing com.ishland.c2me.opts.allocs.mixin
[20:27:08] [main/WARN]: Reference map 'pixelmon.refmap.json' for mixins.pixelmon.json could not be read. If this is a development environment you can ignore this message
[20:27:09] [main/WARN]: Error loading class: ca/spottedleaf/starlight/common/thread/SchedulingUtil (java.lang.ClassNotFoundException: ca.spottedleaf.starlight.common.thread.SchedulingUtil)
[20:27:09] [main/WARN]: Error loading class: me/jellysquid/mods/sodium/client/gui/SodiumGameOptionPages (java.lang.ClassNotFoundException: me.jellysquid.mods.sodium.client.gui.SodiumGameOptionPages)
[20:27:09] [main/WARN]: Error loading class: net/caffeinemc/sodium/config/user/UserConfigCategories (java.lang.ClassNotFoundException: net.caffeinemc.sodium.config.user.UserConfigCategories)
[20:27:09] [main/WARN]: Error loading class: net/caffeinemc/mods/sodium/client/gui/SodiumGameOptionPages (java.lang.ClassNotFoundException: net.caffeinemc.mods.sodium.client.gui.SodiumGameOptionPages)
[20:27:09] [main/WARN]: Error loading class: net/vulkanmod/config/option/Options (java.lang.ClassNotFoundException: net.vulkanmod.config.option.Options)
[20:27:09] [main/WARN]: Redundant @Unique on injector method krypton$applyDccToTrackingDiff(Lnet/minecraft/server/level/ChunkTrackingView;Lnet/minecraft/server/level/ChunkTrackingView;Ljava/util/function/Consumer;Ljava/util/function/Consumer;Lnet/minecraft/server/level/ServerPlayer;Lnet/minecraft/server/level/ChunkTrackingView;)V in krypton_hybrid.mixins.json:network.chunk.ChunkMapDccMixin from mod krypton_hybrid. Injectors are implicitly unique
[05May2026 20:27:10.237] [main/INFO] [MixinExtras|Service/]: Initializing MixinExtras via com.llamalad7.mixinextras.service.MixinExtrasServiceImpl(version=0.5.3).
[05May2026 20:27:11.610] [Datafixer Bootstrap/INFO] [com.mojang.datafixers.DataFixerBuilder/]: 229 Datafixer optimizations took 280 milliseconds
[05May2026 20:27:16.574] [Render thread/WARN] [net.minecraft.server.packs.VanillaPackResourcesBuilder/]: Assets URL 'union:/C:/Users/USER/curseforge/minecraft/Install/libraries/net/minecraft/client/1.21.1-20240808.144430/client-1.21.1-20240808.144430-srg.jar%23191!/assets/.mcassetsroot' uses unexpected schema
[05May2026 20:27:16.575] [Render thread/WARN] [net.minecraft.server.packs.VanillaPackResourcesBuilder/]: Assets URL 'union:/C:/Users/USER/curseforge/minecraft/Install/libraries/net/minecraft/client/1.21.1-20240808.144430/client-1.21.1-20240808.144430-srg.jar%23191!/data/.mcassetsroot' uses unexpected schema
[05May2026 20:27:16.605] [Render thread/INFO] [com.mojang.authlib.yggdrasil.YggdrasilAuthenticationService/]: Environment: Environment[sessionHost=https://sessionserver.mojang.com, servicesHost=https://api.minecraftservices.com, name=PROD]
[05May2026 20:27:16.616] [Render thread/INFO] [net.minecraft.client.Minecraft/]: Setting user: jaero_ro
[05May2026 20:27:16.718] [Render thread/INFO] [net.minecraft.client.Minecraft/]: Backend library: LWJGL version 3.3.3+5
[05May2026 20:27:16.997] [modloading-worker-0/WARN] [net.minecraft.network.syncher.SynchedEntityData/]: defineId called for: class net.minecraft.world.entity.player.Player from class com.pixelmonmod.pixelmon.listener.EntityPlayerExtension
[05May2026 20:27:16.997] [modloading-worker-0/WARN] [net.minecraft.network.syncher.SynchedEntityData/]: defineId called for: class net.minecraft.world.entity.player.Player from class com.pixelmonmod.pixelmon.listener.EntityPlayerExtension
[05May2026 20:27:16.997] [modloading-worker-0/WARN] [net.minecraft.network.syncher.SynchedEntityData/]: defineId called for: class net.minecraft.world.entity.player.Player from class com.pixelmonmod.pixelmon.listener.EntityPlayerExtension
[05May2026 20:27:16.997] [modloading-worker-0/WARN] [net.minecraft.network.syncher.SynchedEntityData/]: defineId called for: class net.minecraft.world.entity.player.Player from class com.pixelmonmod.pixelmon.listener.EntityPlayerExtension
[05May2026 20:27:16.998] [modloading-worker-0/WARN] [net.minecraft.network.syncher.SynchedEntityData/]: defineId called for: class net.minecraft.world.entity.player.Player from class com.pixelmonmod.pixelmon.listener.EntityPlayerExtension
[05May2026 20:27:16.998] [modloading-worker-0/WARN] [net.minecraft.network.syncher.SynchedEntityData/]: defineId called for: class net.minecraft.world.entity.player.Player from class com.pixelmonmod.pixelmon.listener.EntityPlayerExtension
[05May2026 20:27:16.998] [modloading-worker-0/WARN] [net.minecraft.network.syncher.SynchedEntityData/]: defineId called for: class net.minecraft.world.entity.player.Player from class com.pixelmonmod.pixelmon.listener.EntityPlayerExtension
[05May2026 20:27:16.999] [modloading-worker-0/WARN] [net.minecraft.network.syncher.SynchedEntityData/]: defineId called for: class net.minecraft.world.entity.player.Player from class com.pixelmonmod.pixelmon.listener.EntityPlayerExtension
[05May2026 20:27:16.999] [modloading-worker-0/WARN] [net.minecraft.network.syncher.SynchedEntityData/]: defineId called for: class net.minecraft.world.entity.player.Player from class com.pixelmonmod.pixelmon.listener.EntityPlayerExtension
[05May2026 20:27:17.080] [modloading-worker-0/INFO] [net.neoforged.neoforge.common.NeoForgeMod/NEOFORGE-MOD]: NeoForge mod loading, version 21.1.228, for MC 1.21.1
[05May2026 20:27:17.090] [modloading-worker-0/INFO] [com.xinian.KryptonHybrid.shared.KryptonSharedBootstrap/]: Krypton is now accelerating your Minecraft client's networking stack 🚀
[05May2026 20:27:17.093] [modloading-worker-0/INFO] [com.xinian.KryptonHybrid.shared.KryptonSharedBootstrap/]: Note that Krypton is most effective on servers, not the client.
[05May2026 20:27:17.169] [modloading-worker-0/INFO] [com.xinian.KryptonHybrid.shared.KryptonSharedBootstrap/]: Compression will use RecastXZ 3 (Windows x86_64), encryption will use Java
[05May2026 20:27:20.111] [modloading-sync-worker/WARN] [net.minecraft.network.syncher.SynchedEntityData/]: defineId called for: class com.pixelmonmod.pixelmon.entities.npcs.NPC from class com.pixelmonmod.pixelmon.api.data.DataSync
[05May2026 20:27:20.113] [modloading-sync-worker/WARN] [net.minecraft.network.syncher.SynchedEntityData/]: defineId called for: class com.pixelmonmod.pixelmon.entities.npcs.NPC from class com.pixelmonmod.pixelmon.api.data.DataSync
[05May2026 20:27:20.113] [modloading-sync-worker/WARN] [net.minecraft.network.syncher.SynchedEntityData/]: defineId called for: class com.pixelmonmod.pixelmon.entities.npcs.NPC from class com.pixelmonmod.pixelmon.api.data.DataSync
[05May2026 20:27:21.173] [Render thread/INFO] [net.minecraft.server.packs.resources.ReloadableResourceManager/]: Reloading ResourceManager: vanilla, mod_resources, mod/c2me_fixes_worldgen_threading_issues, mod/c2me_threading_lighting, mod/c2me_fixes_chunkio_threading_issues, mod/c2me_client_uncapvd, mod/c2me_rewrites_chunk_serializer, mod/c2me_server_utils, mod/c2me_opts_natives_math, mod/c2me_opts_dfc, mod/c2me_fixes_general_threading_issues, mod/neoforge, mod/c2me_notickvd, mod/krypton_hybrid, mod/c2me_opts_worldgen_general, mod/c2me_opts_chunkio, mod/c2me_opts_math, mod/c2me, mod/c2me_rewrites_chunk_system, mod/c2me_base, mod/c2me_rewrites_chunkio, mod/c2me_opts_worldgen_vanilla, mod/c2me_fixes_worldgen_vanilla_bugs, mod/c2me_opts_scheduling, mod/c2me_opts_allocs, mod/pixelmon,tcg
[05May2026 20:27:21.186] [Worker-Main-3/INFO] [com.pixelmonmod.pixelmon.Pixelmon/]: Loading Pixelmon version 9.3.14
[05May2026 20:27:21.190] [Worker-Main-3/INFO] [com.pixelmonmod.pixelmon.Pixelmon/]: Loaded Advancements
[05May2026 20:27:21.209] [Worker-Main-3/INFO] [com.pixelmonmod.pixelmon.Pixelmon/]: Started the async storage scheduler.
[05May2026 20:27:21.217] [Worker-Main-3/INFO] [com.pixelmonmod.pixelmon.Pixelmon/]: Started the async storage scheduler.
[05May2026 20:27:21.224] [Worker-Main-3/INFO] [com.pixelmonmod.pixelmon.Pixelmon/]: Started the async storage scheduler.
[05May2026 20:27:21.329] [NeoForge Version Check/INFO] [net.neoforged.fml.VersionChecker/]: [pixelmon] Starting version check at https://ogn.pixelmonmod.com/v/update.json
[05May2026 20:27:21.458] [Worker-Main-9/INFO] [net.minecraft.client.gui.font.providers.UnihexProvider/]: Found unifont_all_no_pua-15.1.05.hex, loading
[05May2026 20:27:21.602] [Worker-Main-7/INFO] [net.minecraft.client.gui.font.providers.UnihexProvider/]: Found unifont_jp_patch-15.1.05.hex, loading
[05May2026 20:27:21.798] [Worker-Main-3/WARN] [net.minecraft.network.syncher.SynchedEntityData/]: defineId called for: class com.pixelmonmod.pixelmon.entities.pixelmon.AbstractBaseEntity from class com.pixelmonmod.pixelmon.api.data.DataSync
[05May2026 20:27:21.799] [Worker-Main-3/WARN] [net.minecraft.network.syncher.SynchedEntityData/]: defineId called for: class com.pixelmonmod.pixelmon.entities.pixelmon.AbstractBaseEntity from class com.pixelmonmod.pixelmon.api.data.DataSync
[05May2026 20:27:21.800] [Worker-Main-3/WARN] [net.minecraft.network.syncher.SynchedEntityData/]: defineId called for: class com.pixelmonmod.pixelmon.entities.pixelmon.AbstractBaseEntity from class com.pixelmonmod.pixelmon.api.data.DataSync
[05May2026 20:27:21.802] [Worker-Main-3/WARN] [net.minecraft.network.syncher.SynchedEntityData/]: defineId called for: class com.pixelmonmod.pixelmon.entities.pixelmon.AbstractBaseEntity from class com.pixelmonmod.pixelmon.api.data.DataSync
[05May2026 20:27:21.804] [Worker-Main-3/WARN] [net.minecraft.network.syncher.SynchedEntityData/]: defineId called for: class com.pixelmonmod.pixelmon.entities.pixelmon.AbstractBaseEntity from class com.pixelmonmod.pixelmon.api.data.DataSync
[05May2026 20:27:21.804] [Worker-Main-3/WARN] [net.minecraft.network.syncher.SynchedEntityData/]: defineId called for: class com.pixelmonmod.pixelmon.entities.pixelmon.AbstractBaseEntity from class com.pixelmonmod.pixelmon.api.data.DataSync
[05May2026 20:27:21.805] [Worker-Main-3/WARN] [net.minecraft.network.syncher.SynchedEntityData/]: defineId called for: class com.pixelmonmod.pixelmon.entities.pixelmon.AbstractBaseEntity from class com.pixelmonmod.pixelmon.api.data.DataSync
[05May2026 20:27:21.807] [Worker-Main-3/WARN] [net.minecraft.network.syncher.SynchedEntityData/]: defineId called for: class com.pixelmonmod.pixelmon.entities.pixelmon.AbstractBaseEntity from class com.pixelmonmod.pixelmon.api.data.DataSync
[05May2026 20:27:21.808] [Worker-Main-3/WARN] [net.minecraft.network.syncher.SynchedEntityData/]: defineId called for: class com.pixelmonmod.pixelmon.entities.pixelmon.AbstractBaseEntity from class com.pixelmonmod.pixelmon.api.data.DataSync
[05May2026 20:27:21.809] [Worker-Main-3/WARN] [net.minecraft.network.syncher.SynchedEntityData/]: defineId called for: class com.pixelmonmod.pixelmon.entities.pixelmon.AbstractBaseEntity from class com.pixelmonmod.pixelmon.api.data.DataSync
[05May2026 20:27:21.811] [Worker-Main-3/WARN] [net.minecraft.network.syncher.SynchedEntityData/]: defineId called for: class com.pixelmonmod.pixelmon.entities.pixelmon.AbstractBaseEntity from class com.pixelmonmod.pixelmon.api.data.DataSync
[05May2026 20:27:21.812] [Worker-Main-3/WARN] [net.minecraft.network.syncher.SynchedEntityData/]: defineId called for: class com.pixelmonmod.pixelmon.entities.pixelmon.AbstractBaseEntity from class com.pixelmonmod.pixelmon.api.data.DataSync
[05May2026 20:27:21.856] [Worker-Main-3/WARN] [net.minecraft.network.syncher.SynchedEntityData/]: defineId called for: class com.pixelmonmod.pixelmon.entities.pixelmon.AbstractBaseEntity from class com.pixelmonmod.pixelmon.api.data.DataSync
[05May2026 20:27:21.856] [Worker-Main-3/WARN] [net.minecraft.network.syncher.SynchedEntityData/]: defineId called for: class com.pixelmonmod.pixelmon.entities.pixelmon.AbstractBaseEntity from class com.pixelmonmod.pixelmon.api.data.DataSync
[05May2026 20:27:21.857] [Worker-Main-3/WARN] [net.minecraft.network.syncher.SynchedEntityData/]: defineId called for: class com.pixelmonmod.pixelmon.entities.pixelmon.AbstractBaseEntity from class com.pixelmonmod.pixelmon.api.data.DataSync
[05May2026 20:27:21.858] [Worker-Main-3/WARN] [net.minecraft.network.syncher.SynchedEntityData/]: defineId called for: class com.pixelmonmod.pixelmon.entities.pixelmon.AbstractBaseEntity from class com.pixelmonmod.pixelmon.api.data.DataSync
[05May2026 20:27:21.859] [Worker-Main-3/WARN] [net.minecraft.network.syncher.SynchedEntityData/]: defineId called for: class com.pixelmonmod.pixelmon.entities.pixelmon.AbstractBaseEntity from class com.pixelmonmod.pixelmon.api.data.DataSync
[05May2026 20:27:21.861] [Worker-Main-3/WARN] [net.minecraft.network.syncher.SynchedEntityData/]: defineId called for: class com.pixelmonmod.pixelmon.entities.pixelmon.AbstractBaseEntity from class com.pixelmonmod.pixelmon.api.data.DataSync
[05May2026 20:27:21.862] [Worker-Main-3/WARN] [net.minecraft.network.syncher.SynchedEntityData/]: defineId called for: class com.pixelmonmod.pixelmon.entities.pixelmon.AbstractBaseEntity from class com.pixelmonmod.pixelmon.api.data.DataSync
[05May2026 20:27:21.863] [Worker-Main-3/WARN] [net.minecraft.network.syncher.SynchedEntityData/]: defineId called for: class com.pixelmonmod.pixelmon.entities.pixelmon.AbstractClientEntity from class com.pixelmonmod.pixelmon.api.data.DataSync
[05May2026 20:27:21.865] [Worker-Main-3/WARN] [net.minecraft.network.syncher.SynchedEntityData/]: defineId called for: class com.pixelmonmod.pixelmon.entities.pixelmon.AbstractClientEntity from class com.pixelmonmod.pixelmon.api.data.DataSync
[05May2026 20:27:21.866] [Worker-Main-3/WARN] [net.minecraft.network.syncher.SynchedEntityData/]: defineId called for: class com.pixelmonmod.pixelmon.entities.pixelmon.AbstractClientEntity from class com.pixelmonmod.pixelmon.api.data.DataSync
[05May2026 20:27:21.867] [Worker-Main-3/WARN] [net.minecraft.network.syncher.SynchedEntityData/]: defineId called for: class com.pixelmonmod.pixelmon.entities.pixelmon.AbstractClientEntity from class com.pixelmonmod.pixelmon.api.data.DataSync
[05May2026 20:27:21.868] [Worker-Main-3/WARN] [net.minecraft.network.syncher.SynchedEntityData/]: defineId called for: class com.pixelmonmod.pixelmon.entities.pixelmon.AbstractClientEntity from class com.pixelmonmod.pixelmon.api.data.DataSync
[05May2026 20:27:21.869] [Worker-Main-3/WARN] [net.minecraft.network.syncher.SynchedEntityData/]: defineId called for: class com.pixelmonmod.pixelmon.entities.pixelmon.AbstractClientEntity from class com.pixelmonmod.pixelmon.api.data.DataSync
[05May2026 20:27:21.870] [Worker-Main-3/WARN] [net.minecraft.network.syncher.SynchedEntityData/]: defineId called for: class com.pixelmonmod.pixelmon.entities.pixelmon.AbstractClientEntity from class com.pixelmonmod.pixelmon.api.data.DataSync
[05May2026 20:27:21.871] [Worker-Main-3/WARN] [net.minecraft.network.syncher.SynchedEntityData/]: defineId called for: class com.pixelmonmod.pixelmon.entities.pixelmon.AbstractClientEntity from class com.pixelmonmod.pixelmon.api.data.DataSync
[05May2026 20:27:21.873] [Worker-Main-3/WARN] [net.minecraft.network.syncher.SynchedEntityData/]: defineId called for: class com.pixelmonmod.pixelmon.entities.pixelmon.AbstractClientEntity from class com.pixelmonmod.pixelmon.api.data.DataSync
[05May2026 20:27:21.875] [Worker-Main-3/WARN] [net.minecraft.network.syncher.SynchedEntityData/]: defineId called for: class com.pixelmonmod.pixelmon.entities.pixelmon.AbstractClientEntity from class com.pixelmonmod.pixelmon.api.data.DataSync
[05May2026 20:27:21.877] [Worker-Main-3/WARN] [net.minecraft.network.syncher.SynchedEntityData/]: defineId called for: class com.pixelmonmod.pixelmon.entities.pixelmon.AbstractInteractionsEntity from class com.pixelmonmod.pixelmon.api.data.DataSync
[05May2026 20:27:21.878] [Worker-Main-3/WARN] [net.minecraft.network.syncher.SynchedEntityData/]: defineId called for: class com.pixelmonmod.pixelmon.entities.pixelmon.AbstractBattleEntity from class com.pixelmonmod.pixelmon.api.data.DataSync
[05May2026 20:27:21.879] [Worker-Main-3/WARN] [net.minecraft.network.syncher.SynchedEntityData/]: defineId called for: class com.pixelmonmod.pixelmon.entities.pixelmon.AbstractMovesEntity from class com.pixelmonmod.pixelmon.api.data.DataSync
[05May2026 20:27:21.879] [Worker-Main-3/WARN] [net.minecraft.network.syncher.SynchedEntityData/]: defineId called for: class com.pixelmonmod.pixelmon.entities.pixelmon.AbstractMovesEntity from class com.pixelmonmod.pixelmon.api.data.DataSync
[05May2026 20:27:21.929] [Worker-Main-3/INFO] [Pixelmon TCG/]: Loading TCG version 9.3.14
[05May2026 20:27:21.937] [NeoForge Version Check/INFO] [net.neoforged.fml.VersionChecker/]: [pixelmon] Found status: OUTDATED Current: 9.3.14 Target: 9.3.15
[05May2026 20:27:21.946] [NeoForge Version Check/INFO] [net.neoforged.fml.VersionChecker/]: [tcg] Starting version check at https://ogn.pixelmonmod.com/v/update.json
[05May2026 20:27:21.950] [Worker-Main-3/INFO] [Pixelmon TCG/]: Initializing Pixelmon TCG v9.3.14
[05May2026 20:27:21.999] [NeoForge Version Check/INFO] [net.neoforged.fml.VersionChecker/]: [tcg] Found status: OUTDATED Current: 9.3.14 Target: 9.3.15
[05May2026 20:27:22.273] [Worker-Main-2/ERROR] [com.pixelmonmod.pixelmon.Pixelmon/]: Unable to find resource pack for setting window icon
[05May2026 20:27:22.664] [Worker-Main-12/WARN] [net.minecraft.client.resources.model.ModelBakery/]: Unable to load model: 'pixelmon:item/yellow_floor_gym_sign' referenced from: pixelmon:item/yellow_floor_gym_sign: java.io.FileNotFoundException: pixelmon:models/item/yellow_floor_gym_sign.json
[05May2026 20:27:22.666] [Worker-Main-12/WARN] [net.minecraft.client.resources.model.ModelBakery/]: Unable to load model: 'pixelmon:item/gray_floor_gym_sign' referenced from: pixelmon:item/gray_floor_gym_sign: java.io.FileNotFoundException: pixelmon:models/item/gray_floor_gym_sign.json
[05May2026 20:27:22.667] [Worker-Main-12/WARN] [net.minecraft.client.resources.model.ModelBakery/]: Unable to load model: 'pixelmon:item/blue_floor_gym_sign' referenced from: pixelmon:item/blue_floor_gym_sign: java.io.FileNotFoundException: pixelmon:models/item/blue_floor_gym_sign.json
[05May2026 20:27:22.667] [Worker-Main-12/WARN] [net.minecraft.client.resources.model.ModelBakery/]: Unable to load model: 'pixelmon:item/brown_floor_gym_sign' referenced from: pixelmon:item/brown_floor_gym_sign: java.io.FileNotFoundException: pixelmon:models/item/brown_floor_gym_sign.json
[05May2026 20:27:22.668] [Worker-Main-12/WARN] [net.minecraft.client.resources.model.ModelBakery/]: Unable to load model: 'pixelmon:item/no_item' referenced from: pixelmon:item/no_item: java.io.FileNotFoundException: pixelmon:models/item/no_item.json
[05May2026 20:27:22.669] [Worker-Main-12/WARN] [net.minecraft.client.resources.model.ModelBakery/]: Unable to load model: 'pixelmon:item/purple_floor_gym_sign' referenced from: pixelmon:item/purple_floor_gym_sign: java.io.FileNotFoundException: pixelmon:models/item/purple_floor_gym_sign.json
[05May2026 20:27:22.669] [Worker-Main-12/WARN] [net.minecraft.client.resources.model.ModelBakery/]: Unable to load model: 'pixelmon:item/black_floor_gym_sign' referenced from: pixelmon:item/black_floor_gym_sign: java.io.FileNotFoundException: pixelmon:models/item/black_floor_gym_sign.json
[05May2026 20:27:22.671] [Worker-Main-12/WARN] [net.minecraft.client.resources.model.ModelBakery/]: Unable to load model: 'pixelmon:item/magenta_floor_gym_sign' referenced from: pixelmon:item/magenta_floor_gym_sign: java.io.FileNotFoundException: pixelmon:models/item/magenta_floor_gym_sign.json
[05May2026 20:27:22.672] [Worker-Main-12/WARN] [net.minecraft.client.resources.model.ModelBakery/]: Unable to load model: 'pixelmon:item/light_gray_floor_gym_sign' referenced from: pixelmon:item/light_gray_floor_gym_sign: java.io.FileNotFoundException: pixelmon:models/item/light_gray_floor_gym_sign.json
[05May2026 20:27:22.674] [Worker-Main-12/WARN] [net.minecraft.client.resources.model.ModelBakery/]: Unable to load model: 'pixelmon:item/green_floor_gym_sign' referenced from: pixelmon:item/green_floor_gym_sign: java.io.FileNotFoundException: pixelmon:models/item/green_floor_gym_sign.json
[05May2026 20:27:22.675] [Worker-Main-12/WARN] [net.minecraft.client.resources.model.ModelBakery/]: Unable to load model: 'pixelmon:item/light_blue_floor_gym_sign' referenced from: pixelmon:item/light_blue_floor_gym_sign: java.io.FileNotFoundException: pixelmon:models/item/light_blue_floor_gym_sign.json
[05May2026 20:27:22.676] [Worker-Main-12/WARN] [net.minecraft.client.resources.model.ModelBakery/]: Unable to load model: 'pixelmon:item/pink_floor_gym_sign' referenced from: pixelmon:item/pink_floor_gym_sign: java.io.FileNotFoundException: pixelmon:models/item/pink_floor_gym_sign.json
[05May2026 20:27:22.678] [Worker-Main-12/WARN] [net.minecraft.client.resources.model.ModelBakery/]: Unable to load model: 'pixelmon:item/white_floor_gym_sign' referenced from: pixelmon:item/white_floor_gym_sign: java.io.FileNotFoundException: pixelmon:models/item/white_floor_gym_sign.json
[05May2026 20:27:22.678] [Worker-Main-12/WARN] [net.minecraft.client.resources.model.ModelBakery/]: Unable to load model: 'pixelmon:item/red_floor_gym_sign' referenced from: pixelmon:item/red_floor_gym_sign: java.io.FileNotFoundException: pixelmon:models/item/red_floor_gym_sign.json
[05May2026 20:27:22.683] [Worker-Main-12/WARN] [net.minecraft.client.resources.model.ModelBakery/]: Unable to load model: 'tcg:item/battle_spectator' referenced from: tcg:item/battle_spectator: java.io.FileNotFoundException: tcg:models/item/battle_spectator.json
[05May2026 20:27:22.683] [Worker-Main-12/WARN] [net.minecraft.client.resources.model.ModelBakery/]: Unable to load model: 'pixelmon:item/lime_floor_gym_sign' referenced from: pixelmon:item/lime_floor_gym_sign: java.io.FileNotFoundException: pixelmon:models/item/lime_floor_gym_sign.json
[05May2026 20:27:22.687] [Worker-Main-12/WARN] [net.minecraft.client.resources.model.ModelBakery/]: Unable to load model: 'pixelmon:item/orange_floor_gym_sign' referenced from: pixelmon:item/orange_floor_gym_sign: java.io.FileNotFoundException: pixelmon:models/item/orange_floor_gym_sign.json
[05May2026 20:27:22.688] [Worker-Main-12/WARN] [net.minecraft.client.resources.model.ModelBakery/]: Unable to load model: 'pixelmon:item/cyan_floor_gym_sign' referenced from: pixelmon:item/cyan_floor_gym_sign: java.io.FileNotFoundException: pixelmon:models/item/cyan_floor_gym_sign.json
[05May2026 20:27:22.781] [Worker-Main-13/WARN] [net.minecraft.client.renderer.texture.SpriteLoader/]: Texture pixelmon:block/placeholder with size 1x1 limits mip level from 4 to 0
[05May2026 20:27:23.892] [Worker-Main-13/WARN] [net.minecraft.client.resources.model.ModelManager/]: Missing textures in model pixelmon:fossil_display#facing=north,multipos=bottom:
    minecraft:textures/atlas/blocks.png:pixelmon:block/fossil_display
[05May2026 20:27:23.892] [Worker-Main-13/WARN] [net.minecraft.client.resources.model.ModelManager/]: Missing textures in model pixelmon:trash_can#:
    minecraft:textures/atlas/blocks.png:pixelmon:block/trash_can
[05May2026 20:27:23.892] [Worker-Main-13/WARN] [net.minecraft.client.resources.model.ModelManager/]: Missing textures in model pixelmon:zygarde_cell#orientation=east,rotation=south:
    minecraft:textures/atlas/blocks.png:pixelmon:block/cell/zygarde_cell
[05May2026 20:27:23.892] [Worker-Main-13/WARN] [net.minecraft.client.resources.model.ModelManager/]: Missing textures in model pixelmon:fossil_machine#facing=east,multipos=bottom:
    minecraft:textures/atlas/blocks.png:pixelmon:block/fossil_machine
[05May2026 20:27:23.892] [Worker-Main-13/WARN] [net.minecraft.client.resources.model.ModelManager/]: Missing textures in model tcg:battle_spectator#facing=west,multipos=base:
    minecraft:textures/atlas/blocks.png:minecraft:block/anvil_base
[05May2026 20:27:23.892] [Worker-Main-13/WARN] [net.minecraft.client.resources.model.ModelManager/]: Missing textures in model pixelmon:jade_orb#facing=east:
    minecraft:textures/atlas/blocks.png:pixelmon:block/orbs/delta_orb
[05May2026 20:27:23.892] [Worker-Main-13/WARN] [net.minecraft.client.resources.model.ModelManager/]: Missing textures in model pixelmon:zygarde_core#orientation=south,rotation=down:
    minecraft:textures/atlas/blocks.png:pixelmon:block/cell/zygarde_core
[05May2026 20:27:24.375] [Render thread/WARN] [net.minecraft.client.sounds.SoundEngine/]: Missing sound for event: minecraft:item.goat_horn.play
[05May2026 20:27:24.376] [Render thread/WARN] [net.minecraft.client.sounds.SoundEngine/]: Missing sound for event: minecraft:entity.goat.screaming.horn_break
[05May2026 20:27:25.100] [Render thread/INFO] [com.mojang.blaze3d.audio.Library/]: OpenAL initialized on device OpenAL Soft on 스피커(Realtek(R) Audio)
[05May2026 20:27:25.101] [Render thread/INFO] [net.minecraft.client.sounds.SoundEngine/SOUNDS]: Sound engine started
[05May2026 20:27:25.193] [Render thread/INFO] [net.minecraft.client.renderer.texture.TextureAtlas/]: Created: 4096x4096x4 minecraft:textures/atlas/blocks.png-atlas
[05May2026 20:27:25.260] [Render thread/INFO] [net.minecraft.client.renderer.texture.TextureAtlas/]: Created: 256x256x4 minecraft:textures/atlas/signs.png-atlas
[05May2026 20:27:25.260] [Render thread/INFO] [net.minecraft.client.renderer.texture.TextureAtlas/]: Created: 512x512x4 minecraft:textures/atlas/shield_patterns.png-atlas
[05May2026 20:27:25.261] [Render thread/INFO] [net.minecraft.client.renderer.texture.TextureAtlas/]: Created: 512x512x4 minecraft:textures/atlas/banner_patterns.png-atlas
[05May2026 20:27:25.262] [Render thread/INFO] [net.minecraft.client.renderer.texture.TextureAtlas/]: Created: 1024x1024x4 minecraft:textures/atlas/armor_trims.png-atlas
[05May2026 20:27:25.267] [Render thread/INFO] [net.minecraft.client.renderer.texture.TextureAtlas/]: Created: 128x64x4 minecraft:textures/atlas/decorated_pot.png-atlas
[05May2026 20:27:25.267] [Render thread/INFO] [net.minecraft.client.renderer.texture.TextureAtlas/]: Created: 256x256x4 minecraft:textures/atlas/chest.png-atlas
[05May2026 20:27:25.268] [Render thread/INFO] [net.minecraft.client.renderer.texture.TextureAtlas/]: Created: 512x256x4 minecraft:textures/atlas/shulker_boxes.png-atlas
[05May2026 20:27:25.268] [Render thread/INFO] [net.minecraft.client.renderer.texture.TextureAtlas/]: Created: 512x256x4 minecraft:textures/atlas/beds.png-atlas
[05May2026 20:27:25.304] [Render thread/WARN] [com.pixelmonmod.pixelmon.Pixelmon/]: Model pixelmon:models/blocks/fossil_machine/fossil_extractor_glass.pqc has no animations!
[05May2026 20:27:25.310] [Render thread/ERROR] [com.pixelmonmod.pixelmon.Pixelmon/]: ERROR WITH MODEL pixelmon:models/pixelutilities/fossil_display/fossildisplayglass.bmd AT LINE 0 LINKS = 0
[05May2026 20:27:25.310] [Render thread/ERROR] [com.pixelmonmod.pixelmon.Pixelmon/]: ERROR WITH MODEL pixelmon:models/pixelutilities/fossil_display/fossildisplayglass.bmd AT LINE 0 LINKS = 0
[05May2026 20:27:25.310] [Render thread/ERROR] [com.pixelmonmod.pixelmon.Pixelmon/]: ERROR WITH MODEL pixelmon:models/pixelutilities/fossil_display/fossildisplayglass.bmd AT LINE 0 LINKS = 0
[05May2026 20:27:25.310] [Render thread/ERROR] [com.pixelmonmod.pixelmon.Pixelmon/]: ERROR WITH MODEL pixelmon:models/pixelutilities/fossil_display/fossildisplayglass.bmd AT LINE 1 LINKS = 0
[05May2026 20:27:25.311] [Render thread/ERROR] [com.pixelmonmod.pixelmon.Pixelmon/]: ERROR WITH MODEL pixelmon:models/pixelutilities/fossil_display/fossildisplayglass.bmd AT LINE 1 LINKS = 0
[05May2026 20:27:25.311] [Render thread/ERROR] [com.pixelmonmod.pixelmon.Pixelmon/]: ERROR WITH MODEL pixelmon:models/pixelutilities/fossil_display/fossildisplayglass.bmd AT LINE 1 LINKS = 0
[05May2026 20:27:25.311] [Render thread/ERROR] [com.pixelmonmod.pixelmon.Pixelmon/]: ERROR WITH MODEL pixelmon:models/pixelutilities/fossil_display/fossildisplayglass.bmd AT LINE 2 LINKS = 0
[05May2026 20:27:25.311] [Render thread/ERROR] [com.pixelmonmod.pixelmon.Pixelmon/]: ERROR WITH MODEL pixelmon:models/pixelutilities/fossil_display/fossildisplayglass.bmd AT LINE 2 LINKS = 0
[05May2026 20:27:25.311] [Render thread/ERROR] [com.pixelmonmod.pixelmon.Pixelmon/]: ERROR WITH MODEL pixelmon:models/pixelutilities/fossil_display/fossildisplayglass.bmd AT LINE 2 LINKS = 0
[05May2026 20:27:25.311] [Render thread/ERROR] [com.pixelmonmod.pixelmon.Pixelmon/]: ERROR WITH MODEL pixelmon:models/pixelutilities/fossil_display/fossildisplayglass.bmd AT LINE 5 LINKS = 0
[05May2026 20:27:25.312] [Render thread/ERROR] [com.pixelmonmod.pixelmon.Pixelmon/]: ERROR WITH MODEL pixelmon:models/pixelutilities/fossil_display/fossildisplayglass.bmd AT LINE 5 LINKS = 0
[05May2026 20:27:25.312] [Render thread/ERROR] [com.pixelmonmod.pixelmon.Pixelmon/]: ERROR WITH MODEL pixelmon:models/pixelutilities/fossil_display/fossildisplayglass.bmd AT LINE 5 LINKS = 0
[05May2026 20:27:25.312] [Render thread/ERROR] [com.pixelmonmod.pixelmon.Pixelmon/]: ERROR WITH MODEL pixelmon:models/pixelutilities/fossil_display/fossildisplayglass.bmd AT LINE 6 LINKS = 0
[05May2026 20:27:25.312] [Render thread/ERROR] [com.pixelmonmod.pixelmon.Pixelmon/]: ERROR WITH MODEL pixelmon:models/pixelutilities/fossil_display/fossildisplayglass.bmd AT LINE 6 LINKS = 0
[05May2026 20:27:25.312] [Render thread/ERROR] [com.pixelmonmod.pixelmon.Pixelmon/]: ERROR WITH MODEL pixelmon:models/pixelutilities/fossil_display/fossildisplayglass.bmd AT LINE 6 LINKS = 0
[05May2026 20:27:25.312] [Render thread/ERROR] [com.pixelmonmod.pixelmon.Pixelmon/]: ERROR WITH MODEL pixelmon:models/pixelutilities/fossil_display/fossildisplayglass.bmd AT LINE 7 LINKS = 0
[05May2026 20:27:25.312] [Render thread/ERROR] [com.pixelmonmod.pixelmon.Pixelmon/]: ERROR WITH MODEL pixelmon:models/pixelutilities/fossil_display/fossildisplayglass.bmd AT LINE 7 LINKS = 0
[05May2026 20:27:25.312] [Render thread/ERROR] [com.pixelmonmod.pixelmon.Pixelmon/]: ERROR WITH MODEL pixelmon:models/pixelutilities/fossil_display/fossildisplayglass.bmd AT LINE 7 LINKS = 0
[05May2026 20:27:25.312] [Render thread/ERROR] [com.pixelmonmod.pixelmon.Pixelmon/]: ERROR WITH MODEL pixelmon:models/pixelutilities/fossil_display/fossildisplayglass.bmd AT LINE 8 LINKS = 0
[05May2026 20:27:25.312] [Render thread/ERROR] [com.pixelmonmod.pixelmon.Pixelmon/]: ERROR WITH MODEL pixelmon:models/pixelutilities/fossil_display/fossildisplayglass.bmd AT LINE 8 LINKS = 0
[05May2026 20:27:25.312] [Render thread/ERROR] [com.pixelmonmod.pixelmon.Pixelmon/]: ERROR WITH MODEL pixelmon:models/pixelutilities/fossil_display/fossildisplayglass.bmd AT LINE 8 LINKS = 0
[05May2026 20:27:25.312] [Render thread/ERROR] [com.pixelmonmod.pixelmon.Pixelmon/]: ERROR WITH MODEL pixelmon:models/pixelutilities/fossil_display/fossildisplayglass.bmd AT LINE 9 LINKS = 0
[05May2026 20:27:25.313] [Render thread/ERROR] [com.pixelmonmod.pixelmon.Pixelmon/]: ERROR WITH MODEL pixelmon:models/pixelutilities/fossil_display/fossildisplayglass.bmd AT LINE 9 LINKS = 0
[05May2026 20:27:25.313] [Render thread/ERROR] [com.pixelmonmod.pixelmon.Pixelmon/]: ERROR WITH MODEL pixelmon:models/pixelutilities/fossil_display/fossildisplayglass.bmd AT LINE 9 LINKS = 0
[05May2026 20:27:25.313] [Render thread/ERROR] [com.pixelmonmod.pixelmon.Pixelmon/]: ERROR WITH MODEL pixelmon:models/pixelutilities/fossil_display/fossildisplayglass.bmd AT LINE 10 LINKS = 0
[05May2026 20:27:25.313] [Render thread/ERROR] [com.pixelmonmod.pixelmon.Pixelmon/]: ERROR WITH MODEL pixelmon:models/pixelutilities/fossil_display/fossildisplayglass.bmd AT LINE 10 LINKS = 0
[05May2026 20:27:25.313] [Render thread/ERROR] [com.pixelmonmod.pixelmon.Pixelmon/]: ERROR WITH MODEL pixelmon:models/pixelutilities/fossil_display/fossildisplayglass.bmd AT LINE 10 LINKS = 0
[05May2026 20:27:25.313] [Render thread/ERROR] [com.pixelmonmod.pixelmon.Pixelmon/]: ERROR WITH MODEL pixelmon:models/pixelutilities/fossil_display/fossildisplayglass.bmd AT LINE 29 LINKS = 0
[05May2026 20:27:25.313] [Render thread/ERROR] [com.pixelmonmod.pixelmon.Pixelmon/]: ERROR WITH MODEL pixelmon:models/pixelutilities/fossil_display/fossildisplayglass.bmd AT LINE 29 LINKS = 0
[05May2026 20:27:25.313] [Render thread/ERROR] [com.pixelmonmod.pixelmon.Pixelmon/]: ERROR WITH MODEL pixelmon:models/pixelutilities/fossil_display/fossildisplayglass.bmd AT LINE 29 LINKS = 0
[05May2026 20:27:25.313] [Render thread/ERROR] [com.pixelmonmod.pixelmon.Pixelmon/]: ERROR WITH MODEL pixelmon:models/pixelutilities/fossil_display/fossildisplayglass.bmd AT LINE 30 LINKS = 0
[05May2026 20:27:25.313] [Render thread/ERROR] [com.pixelmonmod.pixelmon.Pixelmon/]: ERROR WITH MODEL pixelmon:models/pixelutilities/fossil_display/fossildisplayglass.bmd AT LINE 30 LINKS = 0
[05May2026 20:27:25.314] [Render thread/ERROR] [com.pixelmonmod.pixelmon.Pixelmon/]: ERROR WITH MODEL pixelmon:models/pixelutilities/fossil_display/fossildisplayglass.bmd AT LINE 30 LINKS = 0
[05May2026 20:27:25.314] [Render thread/ERROR] [com.pixelmonmod.pixelmon.Pixelmon/]: ERROR WITH MODEL pixelmon:models/pixelutilities/fossil_display/fossildisplayglass.bmd AT LINE 31 LINKS = 0
[05May2026 20:27:25.314] [Render thread/ERROR] [com.pixelmonmod.pixelmon.Pixelmon/]: ERROR WITH MODEL pixelmon:models/pixelutilities/fossil_display/fossildisplayglass.bmd AT LINE 31 LINKS = 0
[05May2026 20:27:25.314] [Render thread/ERROR] [com.pixelmonmod.pixelmon.Pixelmon/]: ERROR WITH MODEL pixelmon:models/pixelutilities/fossil_display/fossildisplayglass.bmd AT LINE 31 LINKS = 0
[05May2026 20:27:25.314] [Render thread/ERROR] [com.pixelmonmod.pixelmon.Pixelmon/]: ERROR WITH MODEL pixelmon:models/pixelutilities/fossil_display/fossildisplayglass.bmd AT LINE 32 LINKS = 0
[05May2026 20:27:25.314] [Render thread/ERROR] [com.pixelmonmod.pixelmon.Pixelmon/]: ERROR WITH MODEL pixelmon:models/pixelutilities/fossil_display/fossildisplayglass.bmd AT LINE 32 LINKS = 0
[05May2026 20:27:25.314] [Render thread/ERROR] [com.pixelmonmod.pixelmon.Pixelmon/]: ERROR WITH MODEL pixelmon:models/pixelutilities/fossil_display/fossildisplayglass.bmd AT LINE 32 LINKS = 0
[05May2026 20:27:25.314] [Render thread/ERROR] [com.pixelmonmod.pixelmon.Pixelmon/]: ERROR WITH MODEL pixelmon:models/pixelutilities/fossil_display/fossildisplayglass.bmd AT LINE 33 LINKS = 0
[05May2026 20:27:25.314] [Render thread/ERROR] [com.pixelmonmod.pixelmon.Pixelmon/]: ERROR WITH MODEL pixelmon:models/pixelutilities/fossil_display/fossildisplayglass.bmd AT LINE 33 LINKS = 0
[05May2026 20:27:25.314] [Render thread/ERROR] [com.pixelmonmod.pixelmon.Pixelmon/]: ERROR WITH MODEL pixelmon:models/pixelutilities/fossil_display/fossildisplayglass.bmd AT LINE 33 LINKS = 0
[05May2026 20:27:25.314] [Render thread/ERROR] [com.pixelmonmod.pixelmon.Pixelmon/]: ERROR WITH MODEL pixelmon:models/pixelutilities/fossil_display/fossildisplayglass.bmd AT LINE 34 LINKS = 0
[05May2026 20:27:25.314] [Render thread/ERROR] [com.pixelmonmod.pixelmon.Pixelmon/]: ERROR WITH MODEL pixelmon:models/pixelutilities/fossil_display/fossildisplayglass.bmd AT LINE 34 LINKS = 0
[05May2026 20:27:25.314] [Render thread/ERROR] [com.pixelmonmod.pixelmon.Pixelmon/]: ERROR WITH MODEL pixelmon:models/pixelutilities/fossil_display/fossildisplayglass.bmd AT LINE 34 LINKS = 0
[05May2026 20:27:25.314] [Render thread/ERROR] [com.pixelmonmod.pixelmon.Pixelmon/]: ERROR WITH MODEL pixelmon:models/pixelutilities/fossil_display/fossildisplayglass.bmd AT LINE 35 LINKS = 0
[05May2026 20:27:25.314] [Render thread/ERROR] [com.pixelmonmod.pixelmon.Pixelmon/]: ERROR WITH MODEL pixelmon:models/pixelutilities/fossil_display/fossildisplayglass.bmd AT LINE 35 LINKS = 0
[05May2026 20:27:25.315] [Render thread/ERROR] [com.pixelmonmod.pixelmon.Pixelmon/]: ERROR WITH MODEL pixelmon:models/pixelutilities/fossil_display/fossildisplayglass.bmd AT LINE 35 LINKS = 0
[05May2026 20:27:25.315] [Render thread/ERROR] [com.pixelmonmod.pixelmon.Pixelmon/]: ERROR WITH MODEL pixelmon:models/pixelutilities/fossil_display/fossildisplayglass.bmd AT LINE 36 LINKS = 0
[05May2026 20:27:25.315] [Render thread/ERROR] [com.pixelmonmod.pixelmon.Pixelmon/]: ERROR WITH MODEL pixelmon:models/pixelutilities/fossil_display/fossildisplayglass.bmd AT LINE 36 LINKS = 0
[05May2026 20:27:25.315] [Render thread/ERROR] [com.pixelmonmod.pixelmon.Pixelmon/]: ERROR WITH MODEL pixelmon:models/pixelutilities/fossil_display/fossildisplayglass.bmd AT LINE 36 LINKS = 0
[05May2026 20:27:25.315] [Render thread/ERROR] [com.pixelmonmod.pixelmon.Pixelmon/]: ERROR WITH MODEL pixelmon:models/pixelutilities/fossil_display/fossildisplayglass.bmd AT LINE 37 LINKS = 0
[05May2026 20:27:25.315] [Render thread/ERROR] [com.pixelmonmod.pixelmon.Pixelmon/]: ERROR WITH MODEL pixelmon:models/pixelutilities/fossil_display/fossildisplayglass.bmd AT LINE 37 LINKS = 0
[05May2026 20:27:25.315] [Render thread/ERROR] [com.pixelmonmod.pixelmon.Pixelmon/]: ERROR WITH MODEL pixelmon:models/pixelutilities/fossil_display/fossildisplayglass.bmd AT LINE 37 LINKS = 0
[05May2026 20:27:25.315] [Render thread/ERROR] [com.pixelmonmod.pixelmon.Pixelmon/]: ERROR WITH MODEL pixelmon:models/pixelutilities/fossil_display/fossildisplayglass.bmd AT LINE 38 LINKS = 0
[05May2026 20:27:25.315] [Render thread/ERROR] [com.pixelmonmod.pixelmon.Pixelmon/]: ERROR WITH MODEL pixelmon:models/pixelutilities/fossil_display/fossildisplayglass.bmd AT LINE 38 LINKS = 0
[05May2026 20:27:25.315] [Render thread/ERROR] [com.pixelmonmod.pixelmon.Pixelmon/]: ERROR WITH MODEL pixelmon:models/pixelutilities/fossil_display/fossildisplayglass.bmd AT LINE 38 LINKS = 0
[05May2026 20:27:25.315] [Render thread/ERROR] [com.pixelmonmod.pixelmon.Pixelmon/]: ERROR WITH MODEL pixelmon:models/pixelutilities/fossil_display/fossildisplayglass.bmd AT LINE 39 LINKS = 0
[05May2026 20:27:25.315] [Render thread/ERROR] [com.pixelmonmod.pixelmon.Pixelmon/]: ERROR WITH MODEL pixelmon:models/pixelutilities/fossil_display/fossildisplayglass.bmd AT LINE 39 LINKS = 0
[05May2026 20:27:25.315] [Render thread/ERROR] [com.pixelmonmod.pixelmon.Pixelmon/]: ERROR WITH MODEL pixelmon:models/pixelutilities/fossil_display/fossildisplayglass.bmd AT LINE 39 LINKS = 0
[05May2026 20:27:25.315] [Render thread/ERROR] [com.pixelmonmod.pixelmon.Pixelmon/]: ERROR WITH MODEL pixelmon:models/pixelutilities/fossil_display/fossildisplayglass.bmd AT LINE 40 LINKS = 0
[05May2026 20:27:25.315] [Render thread/ERROR] [com.pixelmonmod.pixelmon.Pixelmon/]: ERROR WITH MODEL pixelmon:models/pixelutilities/fossil_display/fossildisplayglass.bmd AT LINE 40 LINKS = 0
[05May2026 20:27:25.315] [Render thread/ERROR] [com.pixelmonmod.pixelmon.Pixelmon/]: ERROR WITH MODEL pixelmon:models/pixelutilities/fossil_display/fossildisplayglass.bmd AT LINE 40 LINKS = 0
[05May2026 20:27:25.315] [Render thread/ERROR] [com.pixelmonmod.pixelmon.Pixelmon/]: ERROR WITH MODEL pixelmon:models/pixelutilities/fossil_display/fossildisplayglass.bmd AT LINE 41 LINKS = 0
[05May2026 20:27:25.315] [Render thread/ERROR] [com.pixelmonmod.pixelmon.Pixelmon/]: ERROR WITH MODEL pixelmon:models/pixelutilities/fossil_display/fossildisplayglass.bmd AT LINE 41 LINKS = 0
[05May2026 20:27:25.315] [Render thread/ERROR] [com.pixelmonmod.pixelmon.Pixelmon/]: ERROR WITH MODEL pixelmon:models/pixelutilities/fossil_display/fossildisplayglass.bmd AT LINE 41 LINKS = 0
[05May2026 20:27:25.315] [Render thread/ERROR] [com.pixelmonmod.pixelmon.Pixelmon/]: ERROR WITH MODEL pixelmon:models/pixelutilities/fossil_display/fossildisplayglass.bmd AT LINE 42 LINKS = 0
[05May2026 20:27:25.316] [Render thread/ERROR] [com.pixelmonmod.pixelmon.Pixelmon/]: ERROR WITH MODEL pixelmon:models/pixelutilities/fossil_display/fossildisplayglass.bmd AT LINE 42 LINKS = 0
[05May2026 20:27:25.316] [Render thread/ERROR] [com.pixelmonmod.pixelmon.Pixelmon/]: ERROR WITH MODEL pixelmon:models/pixelutilities/fossil_display/fossildisplayglass.bmd AT LINE 42 LINKS = 0
[05May2026 20:27:25.316] [Render thread/ERROR] [com.pixelmonmod.pixelmon.Pixelmon/]: ERROR WITH MODEL pixelmon:models/pixelutilities/fossil_display/fossildisplayglass.bmd AT LINE 43 LINKS = 0
[05May2026 20:27:25.316] [Render thread/ERROR] [com.pixelmonmod.pixelmon.Pixelmon/]: ERROR WITH MODEL pixelmon:models/pixelutilities/fossil_display/fossildisplayglass.bmd AT LINE 43 LINKS = 0
[05May2026 20:27:25.316] [Render thread/ERROR] [com.pixelmonmod.pixelmon.Pixelmon/]: ERROR WITH MODEL pixelmon:models/pixelutilities/fossil_display/fossildisplayglass.bmd AT LINE 43 LINKS = 0
[05May2026 20:27:25.316] [Render thread/ERROR] [com.pixelmonmod.pixelmon.Pixelmon/]: ERROR WITH MODEL pixelmon:models/pixelutilities/fossil_display/fossildisplayglass.bmd AT LINE 44 LINKS = 0
[05May2026 20:27:25.316] [Render thread/ERROR] [com.pixelmonmod.pixelmon.Pixelmon/]: ERROR WITH MODEL pixelmon:models/pixelutilities/fossil_display/fossildisplayglass.bmd AT LINE 44 LINKS = 0
[05May2026 20:27:25.316] [Render thread/ERROR] [com.pixelmonmod.pixelmon.Pixelmon/]: ERROR WITH MODEL pixelmon:models/pixelutilities/fossil_display/fossildisplayglass.bmd AT LINE 44 LINKS = 0
[05May2026 20:27:25.316] [Render thread/ERROR] [com.pixelmonmod.pixelmon.Pixelmon/]: ERROR WITH MODEL pixelmon:models/pixelutilities/fossil_display/fossildisplayglass.bmd AT LINE 45 LINKS = 0
[05May2026 20:27:25.316] [Render thread/ERROR] [com.pixelmonmod.pixelmon.Pixelmon/]: ERROR WITH MODEL pixelmon:models/pixelutilities/fossil_display/fossildisplayglass.bmd AT LINE 45 LINKS = 0
[05May2026 20:27:25.316] [Render thread/ERROR] [com.pixelmonmod.pixelmon.Pixelmon/]: ERROR WITH MODEL pixelmon:models/pixelutilities/fossil_display/fossildisplayglass.bmd AT LINE 45 LINKS = 0
[05May2026 20:27:25.316] [Render thread/ERROR] [com.pixelmonmod.pixelmon.Pixelmon/]: ERROR WITH MODEL pixelmon:models/pixelutilities/fossil_display/fossildisplayglass.bmd AT LINE 46 LINKS = 0
[05May2026 20:27:25.316] [Render thread/ERROR] [com.pixelmonmod.pixelmon.Pixelmon/]: ERROR WITH MODEL pixelmon:models/pixelutilities/fossil_display/fossildisplayglass.bmd AT LINE 46 LINKS = 0
[05May2026 20:27:25.316] [Render thread/ERROR] [com.pixelmonmod.pixelmon.Pixelmon/]: ERROR WITH MODEL pixelmon:models/pixelutilities/fossil_display/fossildisplayglass.bmd AT LINE 46 LINKS = 0
[05May2026 20:27:25.316] [Render thread/ERROR] [com.pixelmonmod.pixelmon.Pixelmon/]: ERROR WITH MODEL pixelmon:models/pixelutilities/fossil_display/fossildisplayglass.bmd AT LINE 47 LINKS = 0
[05May2026 20:27:25.317] [Render thread/ERROR] [com.pixelmonmod.pixelmon.Pixelmon/]: ERROR WITH MODEL pixelmon:models/pixelutilities/fossil_display/fossildisplayglass.bmd AT LINE 47 LINKS = 0
[05May2026 20:27:25.317] [Render thread/ERROR] [com.pixelmonmod.pixelmon.Pixelmon/]: ERROR WITH MODEL pixelmon:models/pixelutilities/fossil_display/fossildisplayglass.bmd AT LINE 47 LINKS = 0
[05May2026 20:27:25.317] [Render thread/ERROR] [com.pixelmonmod.pixelmon.Pixelmon/]: ERROR WITH MODEL pixelmon:models/pixelutilities/fossil_display/fossildisplayglass.bmd AT LINE 48 LINKS = 0
[05May2026 20:27:25.317] [Render thread/ERROR] [com.pixelmonmod.pixelmon.Pixelmon/]: ERROR WITH MODEL pixelmon:models/pixelutilities/fossil_display/fossildisplayglass.bmd AT LINE 48 LINKS = 0
[05May2026 20:27:25.317] [Render thread/ERROR] [com.pixelmonmod.pixelmon.Pixelmon/]: ERROR WITH MODEL pixelmon:models/pixelutilities/fossil_display/fossildisplayglass.bmd AT LINE 48 LINKS = 0
[05May2026 20:27:25.317] [Render thread/ERROR] [com.pixelmonmod.pixelmon.Pixelmon/]: ERROR WITH MODEL pixelmon:models/pixelutilities/fossil_display/fossildisplayglass.bmd AT LINE 49 LINKS = 0
[05May2026 20:27:25.317] [Render thread/ERROR] [com.pixelmonmod.pixelmon.Pixelmon/]: ERROR WITH MODEL pixelmon:models/pixelutilities/fossil_display/fossildisplayglass.bmd AT LINE 49 LINKS = 0
[05May2026 20:27:25.317] [Render thread/ERROR] [com.pixelmonmod.pixelmon.Pixelmon/]: ERROR WITH MODEL pixelmon:models/pixelutilities/fossil_display/fossildisplayglass.bmd AT LINE 49 LINKS = 0
[05May2026 20:27:25.317] [Render thread/ERROR] [com.pixelmonmod.pixelmon.Pixelmon/]: ERROR WITH MODEL pixelmon:models/pixelutilities/fossil_display/fossildisplayglass.bmd AT LINE 50 LINKS = 0
[05May2026 20:27:25.317] [Render thread/ERROR] [com.pixelmonmod.pixelmon.Pixelmon/]: ERROR WITH MODEL pixelmon:models/pixelutilities/fossil_display/fossildisplayglass.bmd AT LINE 50 LINKS = 0
[05May2026 20:27:25.317] [Render thread/ERROR] [com.pixelmonmod.pixelmon.Pixelmon/]: ERROR WITH MODEL pixelmon:models/pixelutilities/fossil_display/fossildisplayglass.bmd AT LINE 50 LINKS = 0
[05May2026 20:27:25.317] [Render thread/ERROR] [com.pixelmonmod.pixelmon.Pixelmon/]: ERROR WITH MODEL pixelmon:models/pixelutilities/fossil_display/fossildisplayglass.bmd AT LINE 51 LINKS = 0
[05May2026 20:27:25.317] [Render thread/ERROR] [com.pixelmonmod.pixelmon.Pixelmon/]: ERROR WITH MODEL pixelmon:models/pixelutilities/fossil_display/fossildisplayglass.bmd AT LINE 51 LINKS = 0
[05May2026 20:27:25.317] [Render thread/ERROR] [com.pixelmonmod.pixelmon.Pixelmon/]: ERROR WITH MODEL pixelmon:models/pixelutilities/fossil_display/fossildisplayglass.bmd AT LINE 51 LINKS = 0
[05May2026 20:27:25.318] [Render thread/ERROR] [com.pixelmonmod.pixelmon.Pixelmon/]: ERROR WITH MODEL pixelmon:models/pixelutilities/fossil_display/fossildisplayglass.bmd AT LINE 52 LINKS = 0
[05May2026 20:27:25.318] [Render thread/ERROR] [com.pixelmonmod.pixelmon.Pixelmon/]: ERROR WITH MODEL pixelmon:models/pixelutilities/fossil_display/fossildisplayglass.bmd AT LINE 52 LINKS = 0
[05May2026 20:27:25.318] [Render thread/ERROR] [com.pixelmonmod.pixelmon.Pixelmon/]: ERROR WITH MODEL pixelmon:models/pixelutilities/fossil_display/fossildisplayglass.bmd AT LINE 52 LINKS = 0
[05May2026 20:27:25.318] [Render thread/ERROR] [com.pixelmonmod.pixelmon.Pixelmon/]: ERROR WITH MODEL pixelmon:models/pixelutilities/fossil_display/fossildisplayglass.bmd AT LINE 69 LINKS = 0
[05May2026 20:27:25.318] [Render thread/ERROR] [com.pixelmonmod.pixelmon.Pixelmon/]: ERROR WITH MODEL pixelmon:models/pixelutilities/fossil_display/fossildisplayglass.bmd AT LINE 69 LINKS = 0
[05May2026 20:27:25.318] [Render thread/ERROR] [com.pixelmonmod.pixelmon.Pixelmon/]: ERROR WITH MODEL pixelmon:models/pixelutilities/fossil_display/fossildisplayglass.bmd AT LINE 69 LINKS = 0
[05May2026 20:27:25.319] [Render thread/ERROR] [com.pixelmonmod.pixelmon.Pixelmon/]: ERROR WITH MODEL pixelmon:models/pixelutilities/fossil_display/fossildisplayglass.bmd AT LINE 70 LINKS = 0
[05May2026 20:27:25.319] [Render thread/ERROR] [com.pixelmonmod.pixelmon.Pixelmon/]: ERROR WITH MODEL pixelmon:models/pixelutilities/fossil_display/fossildisplayglass.bmd AT LINE 70 LINKS = 0
[05May2026 20:27:25.319] [Render thread/ERROR] [com.pixelmonmod.pixelmon.Pixelmon/]: ERROR WITH MODEL pixelmon:models/pixelutilities/fossil_display/fossildisplayglass.bmd AT LINE 70 LINKS = 0
[05May2026 20:27:25.319] [Render thread/ERROR] [com.pixelmonmod.pixelmon.Pixelmon/]: ERROR WITH MODEL pixelmon:models/pixelutilities/fossil_display/fossildisplayglass.bmd AT LINE 71 LINKS = 0
[05May2026 20:27:25.319] [Render thread/ERROR] [com.pixelmonmod.pixelmon.Pixelmon/]: ERROR WITH MODEL pixelmon:models/pixelutilities/fossil_display/fossildisplayglass.bmd AT LINE 71 LINKS = 0
[05May2026 20:27:25.319] [Render thread/ERROR] [com.pixelmonmod.pixelmon.Pixelmon/]: ERROR WITH MODEL pixelmon:models/pixelutilities/fossil_display/fossildisplayglass.bmd AT LINE 71 LINKS = 0
[05May2026 20:27:25.319] [Render thread/ERROR] [com.pixelmonmod.pixelmon.Pixelmon/]: ERROR WITH MODEL pixelmon:models/pixelutilities/fossil_display/fossildisplayglass.bmd AT LINE 72 LINKS = 0
[05May2026 20:27:25.319] [Render thread/ERROR] [com.pixelmonmod.pixelmon.Pixelmon/]: ERROR WITH MODEL pixelmon:models/pixelutilities/fossil_display/fossildisplayglass.bmd AT LINE 72 LINKS = 0
[05May2026 20:27:25.319] [Render thread/ERROR] [com.pixelmonmod.pixelmon.Pixelmon/]: ERROR WITH MODEL pixelmon:models/pixelutilities/fossil_display/fossildisplayglass.bmd AT LINE 72 LINKS = 0
[05May2026 20:27:25.319] [Render thread/ERROR] [com.pixelmonmod.pixelmon.Pixelmon/]: ERROR WITH MODEL pixelmon:models/pixelutilities/fossil_display/fossildisplayglass.bmd AT LINE 73 LINKS = 0
[05May2026 20:27:25.319] [Render thread/ERROR] [com.pixelmonmod.pixelmon.Pixelmon/]: ERROR WITH MODEL pixelmon:models/pixelutilities/fossil_display/fossildisplayglass.bmd AT LINE 73 LINKS = 0
[05May2026 20:27:25.319] [Render thread/ERROR] [com.pixelmonmod.pixelmon.Pixelmon/]: ERROR WITH MODEL pixelmon:models/pixelutilities/fossil_display/fossildisplayglass.bmd AT LINE 73 LINKS = 0
[05May2026 20:27:25.319] [Render thread/ERROR] [com.pixelmonmod.pixelmon.Pixelmon/]: ERROR WITH MODEL pixelmon:models/pixelutilities/fossil_display/fossildisplayglass.bmd AT LINE 74 LINKS = 0
[05May2026 20:27:25.319] [Render thread/ERROR] [com.pixelmonmod.pixelmon.Pixelmon/]: ERROR WITH MODEL pixelmon:models/pixelutilities/fossil_display/fossildisplayglass.bmd AT LINE 74 LINKS = 0
[05May2026 20:27:25.319] [Render thread/ERROR] [com.pixelmonmod.pixelmon.Pixelmon/]: ERROR WITH MODEL pixelmon:models/pixelutilities/fossil_display/fossildisplayglass.bmd AT LINE 74 LINKS = 0
[05May2026 20:27:25.319] [Render thread/ERROR] [com.pixelmonmod.pixelmon.Pixelmon/]: ERROR WITH MODEL pixelmon:models/pixelutilities/fossil_display/fossildisplayglass.bmd AT LINE 75 LINKS = 0
[05May2026 20:27:25.319] [Render thread/ERROR] [com.pixelmonmod.pixelmon.Pixelmon/]: ERROR WITH MODEL pixelmon:models/pixelutilities/fossil_display/fossildisplayglass.bmd AT LINE 75 LINKS = 0
[05May2026 20:27:25.319] [Render thread/ERROR] [com.pixelmonmod.pixelmon.Pixelmon/]: ERROR WITH MODEL pixelmon:models/pixelutilities/fossil_display/fossildisplayglass.bmd AT LINE 75 LINKS = 0
[05May2026 20:27:25.319] [Render thread/ERROR] [com.pixelmonmod.pixelmon.Pixelmon/]: ERROR WITH MODEL pixelmon:models/pixelutilities/fossil_display/fossildisplayglass.bmd AT LINE 76 LINKS = 0
[05May2026 20:27:25.319] [Render thread/ERROR] [com.pixelmonmod.pixelmon.Pixelmon/]: ERROR WITH MODEL pixelmon:models/pixelutilities/fossil_display/fossildisplayglass.bmd AT LINE 76 LINKS = 0
[05May2026 20:27:25.320] [Render thread/ERROR] [com.pixelmonmod.pixelmon.Pixelmon/]: ERROR WITH MODEL pixelmon:models/pixelutilities/fossil_display/fossildisplayglass.bmd AT LINE 76 LINKS = 0
[05May2026 20:27:25.320] [Render thread/ERROR] [com.pixelmonmod.pixelmon.Pixelmon/]: ERROR WITH MODEL pixelmon:models/pixelutilities/fossil_display/fossildisplayglass.bmd AT LINE 77 LINKS = 0
[05May2026 20:27:25.320] [Render thread/ERROR] [com.pixelmonmod.pixelmon.Pixelmon/]: ERROR WITH MODEL pixelmon:models/pixelutilities/fossil_display/fossildisplayglass.bmd AT LINE 77 LINKS = 0
[05May2026 20:27:25.320] [Render thread/ERROR] [com.pixelmonmod.pixelmon.Pixelmon/]: ERROR WITH MODEL pixelmon:models/pixelutilities/fossil_display/fossildisplayglass.bmd AT LINE 77 LINKS = 0
[05May2026 20:27:25.320] [Render thread/ERROR] [com.pixelmonmod.pixelmon.Pixelmon/]: ERROR WITH MODEL pixelmon:models/pixelutilities/fossil_display/fossildisplayglass.bmd AT LINE 78 LINKS = 0
[05May2026 20:27:25.320] [Render thread/ERROR] [com.pixelmonmod.pixelmon.Pixelmon/]: ERROR WITH MODEL pixelmon:models/pixelutilities/fossil_display/fossildisplayglass.bmd AT LINE 78 LINKS = 0
[05May2026 20:27:25.320] [Render thread/ERROR] [com.pixelmonmod.pixelmon.Pixelmon/]: ERROR WITH MODEL pixelmon:models/pixelutilities/fossil_display/fossildisplayglass.bmd AT LINE 78 LINKS = 0
[05May2026 20:27:25.320] [Render thread/ERROR] [com.pixelmonmod.pixelmon.Pixelmon/]: ERROR WITH MODEL pixelmon:models/pixelutilities/fossil_display/fossildisplayglass.bmd AT LINE 79 LINKS = 0
[05May2026 20:27:25.320] [Render thread/ERROR] [com.pixelmonmod.pixelmon.Pixelmon/]: ERROR WITH MODEL pixelmon:models/pixelutilities/fossil_display/fossildisplayglass.bmd AT LINE 79 LINKS = 0
[05May2026 20:27:25.320] [Render thread/ERROR] [com.pixelmonmod.pixelmon.Pixelmon/]: ERROR WITH MODEL pixelmon:models/pixelutilities/fossil_display/fossildisplayglass.bmd AT LINE 79 LINKS = 0
[05May2026 20:27:25.320] [Render thread/ERROR] [com.pixelmonmod.pixelmon.Pixelmon/]: ERROR WITH MODEL pixelmon:models/pixelutilities/fossil_display/fossildisplayglass.bmd AT LINE 80 LINKS = 0
[05May2026 20:27:25.320] [Render thread/ERROR] [com.pixelmonmod.pixelmon.Pixelmon/]: ERROR WITH MODEL pixelmon:models/pixelutilities/fossil_display/fossildisplayglass.bmd AT LINE 80 LINKS = 0
[05May2026 20:27:25.320] [Render thread/ERROR] [com.pixelmonmod.pixelmon.Pixelmon/]: ERROR WITH MODEL pixelmon:models/pixelutilities/fossil_display/fossildisplayglass.bmd AT LINE 80 LINKS = 0
[05May2026 20:27:25.320] [Render thread/ERROR] [com.pixelmonmod.pixelmon.Pixelmon/]: ERROR WITH MODEL pixelmon:models/pixelutilities/fossil_display/fossildisplayglass.bmd AT LINE 81 LINKS = 0
[05May2026 20:27:25.320] [Render thread/ERROR] [com.pixelmonmod.pixelmon.Pixelmon/]: ERROR WITH MODEL pixelmon:models/pixelutilities/fossil_display/fossildisplayglass.bmd AT LINE 81 LINKS = 0
[05May2026 20:27:25.321] [Render thread/ERROR] [com.pixelmonmod.pixelmon.Pixelmon/]: ERROR WITH MODEL pixelmon:models/pixelutilities/fossil_display/fossildisplayglass.bmd AT LINE 81 LINKS = 0
[05May2026 20:27:25.321] [Render thread/ERROR] [com.pixelmonmod.pixelmon.Pixelmon/]: ERROR WITH MODEL pixelmon:models/pixelutilities/fossil_display/fossildisplayglass.bmd AT LINE 82 LINKS = 0
[05May2026 20:27:25.321] [Render thread/ERROR] [com.pixelmonmod.pixelmon.Pixelmon/]: ERROR WITH MODEL pixelmon:models/pixelutilities/fossil_display/fossildisplayglass.bmd AT LINE 82 LINKS = 0
[05May2026 20:27:25.321] [Render thread/ERROR] [com.pixelmonmod.pixelmon.Pixelmon/]: ERROR WITH MODEL pixelmon:models/pixelutilities/fossil_display/fossildisplayglass.bmd AT LINE 82 LINKS = 0
[05May2026 20:27:25.321] [Render thread/ERROR] [com.pixelmonmod.pixelmon.Pixelmon/]: ERROR WITH MODEL pixelmon:models/pixelutilities/fossil_display/fossildisplayglass.bmd AT LINE 83 LINKS = 0
[05May2026 20:27:25.321] [Render thread/ERROR] [com.pixelmonmod.pixelmon.Pixelmon/]: ERROR WITH MODEL pixelmon:models/pixelutilities/fossil_display/fossildisplayglass.bmd AT LINE 83 LINKS = 0
[05May2026 20:27:25.321] [Render thread/ERROR] [com.pixelmonmod.pixelmon.Pixelmon/]: ERROR WITH MODEL pixelmon:models/pixelutilities/fossil_display/fossildisplayglass.bmd AT LINE 83 LINKS = 0
[05May2026 20:27:25.345] [Render thread/WARN] [com.pixelmonmod.pixelmon.Pixelmon/]: Model pixelmon:models/blocks/infuser/infuser_glass.pqc has no animations!
[05May2026 20:27:25.354] [Render thread/WARN] [com.pixelmonmod.pixelmon.Pixelmon/]: Model pixelmon:models/blocks/reassembly_unit/reassembly_unit_glass.pqc has no animations!
[05May2026 20:27:25.378] [Render thread/WARN] [com.pixelmonmod.pixelmon.Pixelmon/]: Model pixelmon:models/fluff/clouds.pqc has no animations!
[05May2026 20:27:25.418] [Render thread/WARN] [com.pixelmonmod.pixelmon.Pixelmon/]: Model pixelmon:models/playeritems/shiny_charm.pqc has no animations!
[05May2026 20:27:25.427] [Render thread/WARN] [com.pixelmonmod.pixelmon.Pixelmon/]: Model pixelmon:models/playeritems/oval_charm.pqc has no animations!
[05May2026 20:27:25.434] [Render thread/WARN] [com.pixelmonmod.pixelmon.Pixelmon/]: Model pixelmon:models/playeritems/exp_charm.pqc has no animations!
[05May2026 20:27:25.444] [Render thread/WARN] [com.pixelmonmod.pixelmon.Pixelmon/]: Model pixelmon:models/playeritems/catching_charm.pqc has no animations!
[05May2026 20:27:25.454] [Render thread/WARN] [com.pixelmonmod.pixelmon.Pixelmon/]: Model pixelmon:models/playeritems/mark_charm.pqc has no animations!
[05May2026 20:27:25.455] [Render thread/INFO] [net.minecraft.client.renderer.texture.TextureAtlas/]: Created: 512x512x0 minecraft:textures/atlas/particles.png-atlas
[05May2026 20:27:25.457] [Render thread/INFO] [net.minecraft.client.renderer.texture.TextureAtlas/]: Created: 512x256x0 minecraft:textures/atlas/paintings.png-atlas
[05May2026 20:27:25.458] [Render thread/INFO] [net.minecraft.client.renderer.texture.TextureAtlas/]: Created: 256x128x0 minecraft:textures/atlas/mob_effects.png-atlas
[05May2026 20:27:25.458] [Render thread/INFO] [net.minecraft.client.renderer.texture.TextureAtlas/]: Created: 64x64x0 minecraft:textures/atlas/map_decorations.png-atlas
[05May2026 20:27:25.458] [Render thread/INFO] [net.minecraft.client.renderer.texture.TextureAtlas/]: Created: 1024x512x0 minecraft:textures/atlas/gui.png-atlas
[05May2026 20:27:25.483] [Render thread/WARN] [net.minecraft.client.renderer.ShaderInstance/]: Shader rendertype_entity_translucent_emissive could not find sampler named Sampler2 in the specified shader program.
[05May2026 20:27:25.562] [Render thread/WARN] [net.minecraft.client.renderer.ShaderInstance/]: Shader pixelmon:rendertype_entity_smooth_cutout_fresnel could not find uniform named FogStart in the specified shader program.
[05May2026 20:27:25.565] [Render thread/WARN] [net.minecraft.client.renderer.ShaderInstance/]: Shader pixelmon:rendertype_entity_cutout_no_cull could not find uniform named IViewRotMat in the specified shader program.
[05May2026 20:27:25.577] [Render thread/WARN] [net.minecraft.client.renderer.ShaderInstance/]: Shader pixelmon:cel could not find sampler named Sampler1 in the specified shader program.
[05May2026 20:27:25.577] [Render thread/WARN] [net.minecraft.client.renderer.ShaderInstance/]: Shader pixelmon:cel could not find sampler named Sampler2 in the specified shader program.
[05May2026 20:27:25.577] [Render thread/WARN] [net.minecraft.client.renderer.ShaderInstance/]: Shader pixelmon:cel could not find uniform named Light1_Direction in the specified shader program.
[05May2026 20:27:25.582] [Render thread/WARN] [net.minecraft.client.renderer.ShaderInstance/]: Shader pixelmon:terrastalization could not find sampler named Sampler0 in the specified shader program.
[05May2026 20:27:25.582] [Render thread/WARN] [net.minecraft.client.renderer.ShaderInstance/]: Shader pixelmon:terrastalization could not find uniform named ColorModulator in the specified shader program.
[05May2026 20:27:25.582] [Render thread/WARN] [net.minecraft.client.renderer.ShaderInstance/]: Shader pixelmon:terrastalization could not find uniform named Light0_Direction in the specified shader program.
[05May2026 20:27:25.582] [Render thread/WARN] [net.minecraft.client.renderer.ShaderInstance/]: Shader pixelmon:terrastalization could not find uniform named Light1_Direction in the specified shader program.
[05May2026 20:27:25.583] [Render thread/WARN] [net.minecraft.client.renderer.ShaderInstance/]: Shader pixelmon:terrastalization could not find uniform named FogStart in the specified shader program.
[05May2026 20:27:25.583] [Render thread/WARN] [net.minecraft.client.renderer.ShaderInstance/]: Shader pixelmon:terrastalization could not find uniform named RenderColor in the specified shader program.
[05May2026 20:27:25.600] [Render thread/INFO] [net.neoforged.neoforge.client.entity.animation.json.AnimationLoader/]: Loaded 0 entity animations
[05May2026 20:28:07.046] [Render thread/INFO] [net.minecraft.client.gui.screens.ConnectScreen/]: Connecting to cbnusoftware.kro.kr, 25565
[05May2026 20:28:08.767] [Netty Client IO #2/WARN] [com.pixelmonmod.pixelmon.Pixelmon/]: Attack name invalid: Ivy Cudgel
[05May2026 20:28:08.990] [Netty Client IO #2/WARN] [com.pixelmonmod.pixelmon.Pixelmon/]: Attack name invalid: Tera Starstorm
[05May2026 20:28:09.105] [Netty Client IO #2/INFO] [com.pixelmonmod.pixelmon.Pixelmon/]: Decoding: equal Weight: 0
[05May2026 20:28:09.105] [Netty Client IO #2/INFO] [com.pixelmonmod.pixelmon.Pixelmon/]: Decoding: uncommon Weight: 40
[05May2026 20:28:09.107] [Netty Client IO #2/INFO] [com.pixelmonmod.pixelmon.Pixelmon/]: Decoding: haunted Weight: 0
[05May2026 20:28:09.108] [Netty Client IO #2/INFO] [com.pixelmonmod.pixelmon.Pixelmon/]: Decoding: common Weight: 50
[05May2026 20:28:09.108] [Netty Client IO #2/INFO] [com.pixelmonmod.pixelmon.Pixelmon/]: Decoding: legendary Weight: 10
[05May2026 20:28:09.108] [Netty Client IO #2/INFO] [com.pixelmonmod.pixelmon.Pixelmon/]: Decoding: ultimate Weight: 1
[05May2026 20:28:09.108] [Netty Client IO #2/INFO] [com.pixelmonmod.pixelmon.Pixelmon/]: Decoding: rare Weight: 30
[05May2026 20:28:09.109] [Netty Client IO #2/INFO] [com.pixelmonmod.pixelmon.Pixelmon/]: Decoding: notboss Weight: 0
[05May2026 20:28:09.109] [Netty Client IO #2/INFO] [com.pixelmonmod.pixelmon.Pixelmon/]: Decoding: epic Weight: 20
[05May2026 20:28:09.109] [Netty Client IO #2/INFO] [com.pixelmonmod.pixelmon.Pixelmon/]: Decoding: drowned Weight: 0
[05May2026 20:28:09.154] [Netty Client IO #2/INFO] [com.pixelmonmod.pixelmon.Pixelmon/]: Registering Better Spawner.
[05May2026 20:28:10.386] [Render thread/INFO] [CheckedThreadLocalRandom/]: Enforcing safe world random access
[05May2026 20:28:10.807] [Render thread/INFO] [net.minecraft.advancements.AdvancementTree/]: Loaded 3 advancements
[05May2026 20:28:44.438] [Render thread/INFO] [net.minecraft.client.gui.screens.ConnectScreen/]: Connecting to cbnusoftware.kro.kr, 25565
[05May2026 20:28:45.305] [Render thread/WARN] [net.neoforged.fml.config.ConfigTracker/]: Overwriting non-null config LoadedConfig[config=SynchronizedConfig{DataHolder:{removeErroringBlockEntities=false, removeErroringEntities=false, fullBoundingBoxLadders=false, permissionHandler=neoforge:default_handler, advertiseDedicatedServerToLan=true}}, path=null, modConfig=net.neoforged.fml.config.ModConfig@512ae877] at path neoforge-server.toml with synced config
[05May2026 20:28:45.675] [Netty Client IO #5/WARN] [com.pixelmonmod.pixelmon.Pixelmon/]: Attack name invalid: Ivy Cudgel
[05May2026 20:28:45.856] [Netty Client IO #5/WARN] [com.pixelmonmod.pixelmon.Pixelmon/]: Attack name invalid: Tera Starstorm
[05May2026 20:28:45.937] [Netty Client IO #5/INFO] [com.pixelmonmod.pixelmon.Pixelmon/]: Decoding: equal Weight: 0
[05May2026 20:28:45.937] [Netty Client IO #5/INFO] [com.pixelmonmod.pixelmon.Pixelmon/]: Decoding: uncommon Weight: 40
[05May2026 20:28:45.937] [Netty Client IO #5/INFO] [com.pixelmonmod.pixelmon.Pixelmon/]: Decoding: haunted Weight: 0
[05May2026 20:28:45.937] [Netty Client IO #5/INFO] [com.pixelmonmod.pixelmon.Pixelmon/]: Decoding: common Weight: 50
[05May2026 20:28:45.938] [Netty Client IO #5/INFO] [com.pixelmonmod.pixelmon.Pixelmon/]: Decoding: legendary Weight: 10
[05May2026 20:28:45.938] [Netty Client IO #5/INFO] [com.pixelmonmod.pixelmon.Pixelmon/]: Decoding: ultimate Weight: 1
[05May2026 20:28:45.938] [Netty Client IO #5/INFO] [com.pixelmonmod.pixelmon.Pixelmon/]: Decoding: rare Weight: 30
[05May2026 20:28:45.938] [Netty Client IO #5/INFO] [com.pixelmonmod.pixelmon.Pixelmon/]: Decoding: notboss Weight: 0
[05May2026 20:28:45.938] [Netty Client IO #5/INFO] [com.pixelmonmod.pixelmon.Pixelmon/]: Decoding: epic Weight: 20
[05May2026 20:28:45.938] [Netty Client IO #5/INFO] [com.pixelmonmod.pixelmon.Pixelmon/]: Decoding: drowned Weight: 0
[05May2026 20:28:45.986] [Netty Client IO #5/INFO] [com.pixelmonmod.pixelmon.Pixelmon/]: Registering Better Spawner.
[05May2026 20:28:46.940] [Render thread/INFO] [net.minecraft.advancements.AdvancementTree/]: Loaded 3 advancements
